<html>
<head>
<title>TestNG:  TutorialsNinja Test Cases</title>
<link href="../testng.css" rel="stylesheet" type="text/css" />
<link href="../my-testng.css" rel="stylesheet" type="text/css" />

<style type="text/css">
.log { display: none;} 
.stack-trace { display: none;} 
</style>
<script type="text/javascript">
<!--
function flip(e) {
  current = e.style.display;
  if (current == 'block') {
    e.style.display = 'none';
    return 0;
  }
  else {
    e.style.display = 'block';
    return 1;
  }
}

function toggleBox(szDivId, elem, msg1, msg2)
{
  var res = -1;  if (document.getElementById) {
    res = flip(document.getElementById(szDivId));
  }
  else if (document.all) {
    // this is the way old msie versions work
    res = flip(document.all[szDivId]);
  }
  if(elem) {
    if(res == 0) elem.innerHTML = msg1; else elem.innerHTML = msg2;
  }

}

function toggleAllBoxes() {
  if (document.getElementsByTagName) {
    d = document.getElementsByTagName('div');
    for (i = 0; i < d.length; i++) {
      if (d[i].className == 'log') {
        flip(d[i]);
      }
    }
  }
}

// -->
</script>

</head>
<body>
<h2 align='center'>TutorialsNinja Test Cases</h2><table border='1' align="center">
<tr>
<td>Tests passed/Failed/Skipped:</td><td>12/1/1</td>
</tr><tr>
<td>Started on:</td><td>Sat Mar 23 23:56:06 IST 2024</td>
</tr>
<tr><td>Total time:</td><td>109 seconds (109211 ms)</td>
</tr><tr>
<td>Included groups:</td><td></td>
</tr><tr>
<td>Excluded groups:</td><td></td>
</tr>
</table><p/>
<small><i>(Hover the method name to see the test class name)</i></small><p/>
<table width='100%' border='1' class='invocation-failed'>
<tr><td colspan='4' align='center'><b>FAILED TESTS</b></td></tr>
<tr><td><b>Test method</b></td>
<td><b>Attribute(s)</b></td>
<td width="30%"><b>Exception</b></td>
<td width="10%"><b>Time (seconds)</b></td>
<td><b>Instance</b></td>
</tr>
<tr>
<td title='com.TutorialsNinja.qa.TestCases.SearchTest.verifySearchWithInvalidProduct()'><b>verifySearchWithInvalidProduct</b><br>Test class: com.TutorialsNinja.qa.TestCases.SearchTest</td>
<td><div><pre>java.lang.AssertionError: No Product Message in Search Result is not displayed expected [abcd] but found [There is no product that matches the search criteria.]
	at com.TutorialsNinja.qa.TestCases.SearchTest.verifySearchWithInvalidProduct(SearchTest.java:43)
	at java.base/java.util.ArrayList.forEach(ArrayList.java:1596)
... Removed 34 stack frames</pre></div><a href='#' onClick='toggleBox("stack-trace1204383532", this, "Click to show all stack frames", "Click to hide stack frames")'>Click to show all stack frames</a>
<div class='stack-trace' id='stack-trace1204383532'><pre>java.lang.AssertionError: No Product Message in Search Result is not displayed expected [abcd] but found [There is no product that matches the search criteria.]
	at org.testng.Assert.fail(Assert.java:111)
	at org.testng.Assert.failNotEquals(Assert.java:1578)
	at org.testng.Assert.assertEqualsImpl(Assert.java:150)
	at org.testng.Assert.assertEquals(Assert.java:132)
	at org.testng.Assert.assertEquals(Assert.java:656)
	at com.TutorialsNinja.qa.TestCases.SearchTest.verifySearchWithInvalidProduct(SearchTest.java:43)
	at java.base/jdk.internal.reflect.DirectMethodHandleAccessor.invoke(DirectMethodHandleAccessor.java:103)
	at java.base/java.lang.reflect.Method.invoke(Method.java:580)
	at org.testng.internal.invokers.MethodInvocationHelper.invokeMethod(MethodInvocationHelper.java:139)
	at org.testng.internal.invokers.TestInvoker.invokeMethod(TestInvoker.java:664)
	at org.testng.internal.invokers.TestInvoker.invokeTestMethod(TestInvoker.java:227)
	at org.testng.internal.invokers.MethodRunner.runInSequence(MethodRunner.java:50)
	at org.testng.internal.invokers.TestInvoker$MethodInvocationAgent.invoke(TestInvoker.java:957)
	at org.testng.internal.invokers.TestInvoker.invokeTestMethods(TestInvoker.java:200)
	at org.testng.internal.invokers.TestMethodWorker.invokeTestMethods(TestMethodWorker.java:148)
	at org.testng.internal.invokers.TestMethodWorker.run(TestMethodWorker.java:128)
	at java.base/java.util.ArrayList.forEach(ArrayList.java:1596)
	at org.testng.TestRunner.privateRun(TestRunner.java:848)
	at org.testng.TestRunner.run(TestRunner.java:621)
	at org.testng.SuiteRunner.runTest(SuiteRunner.java:443)
	at org.testng.SuiteRunner.runSequentially(SuiteRunner.java:437)
	at org.testng.SuiteRunner.privateRun(SuiteRunner.java:397)
	at org.testng.SuiteRunner.run(SuiteRunner.java:336)
	at org.testng.SuiteRunnerWorker.runSuite(SuiteRunnerWorker.java:52)
	at org.testng.SuiteRunnerWorker.run(SuiteRunnerWorker.java:95)
	at org.testng.TestNG.runSuitesSequentially(TestNG.java:1280)
	at org.testng.TestNG.runSuitesLocally(TestNG.java:1200)
	at org.testng.TestNG.runSuites(TestNG.java:1114)
	at org.testng.TestNG.run(TestNG.java:1082)
	at org.apache.maven.surefire.testng.TestNGExecutor.run(TestNGExecutor.java:308)
	at org.apache.maven.surefire.testng.TestNGXmlTestSuite.execute(TestNGXmlTestSuite.java:71)
	at org.apache.maven.surefire.testng.TestNGProvider.invoke(TestNGProvider.java:113)
	at org.apache.maven.surefire.booter.ForkedBooter.runSuitesInProcess(ForkedBooter.java:385)
	at org.apache.maven.surefire.booter.ForkedBooter.execute(ForkedBooter.java:162)
	at org.apache.maven.surefire.booter.ForkedBooter.run(ForkedBooter.java:507)
	at org.apache.maven.surefire.booter.ForkedBooter.main(ForkedBooter.java:495)
</pre></div></td>
<td>0</td>
<td>com.TutorialsNinja.qa.TestCases.SearchTest@3c19aaa5</td></tr>
</table><p>
<table width='100%' border='1' class='invocation-passed'>
<tr><td colspan='4' align='center'><b>PASSED TESTS</b></td></tr>
<tr><td><b>Test method</b></td>
<td><b>Attribute(s)</b></td>
<td width="30%"><b>Exception</b></td>
<td width="10%"><b>Time (seconds)</b></td>
<td><b>Instance</b></td>
</tr>
<tr>
<td title='com.TutorialsNinja.qa.TestCases.LoginTest.verifyLoginWithValidEmailAndInValidPassword()'><b>verifyLoginWithValidEmailAndInValidPassword</b><br>Test class: com.TutorialsNinja.qa.TestCases.LoginTest</td>
<td></td>
<td>1</td>
<td>com.TutorialsNinja.qa.TestCases.LoginTest@1283bb96</td></tr>
<tr>
<td title='com.TutorialsNinja.qa.TestCases.RegisterTest.verifyRegisteringAnAccountWithMandatoryFields()'><b>verifyRegisteringAnAccountWithMandatoryFields</b><br>Test class: com.TutorialsNinja.qa.TestCases.RegisterTest</td>
<td></td>
<td>2</td>
<td>com.TutorialsNinja.qa.TestCases.RegisterTest@dd8ba08</td></tr>
<tr>
<td title='com.TutorialsNinja.qa.TestCases.LoginTest.verifyLoginWithValidCredentials()'><b>verifyLoginWithValidCredentials</b><br>Test class: com.TutorialsNinja.qa.TestCases.LoginTest<br>Parameters: vinayakdhole1675@gmail.com, Vinayak52@</td>
<td></td>
<td>1</td>
<td>com.TutorialsNinja.qa.TestCases.LoginTest@1283bb96</td></tr>
<tr>
<td title='com.TutorialsNinja.qa.TestCases.RegisterTest.RegisteringAnAccountWithoutFillingAnyDetails()'><b>RegisteringAnAccountWithoutFillingAnyDetails</b><br>Test class: com.TutorialsNinja.qa.TestCases.RegisterTest</td>
<td></td>
<td>0</td>
<td>com.TutorialsNinja.qa.TestCases.RegisterTest@dd8ba08</td></tr>
<tr>
<td title='com.TutorialsNinja.qa.TestCases.RegisterTest.verifyRegisteringAnAccountWithAllFields()'><b>verifyRegisteringAnAccountWithAllFields</b><br>Test class: com.TutorialsNinja.qa.TestCases.RegisterTest</td>
<td></td>
<td>1</td>
<td>com.TutorialsNinja.qa.TestCases.RegisterTest@dd8ba08</td></tr>
<tr>
<td title='com.TutorialsNinja.qa.TestCases.LoginTest.verifyLoginWithoutProvidingCredentials()'><b>verifyLoginWithoutProvidingCredentials</b><br>Test class: com.TutorialsNinja.qa.TestCases.LoginTest</td>
<td></td>
<td>1</td>
<td>com.TutorialsNinja.qa.TestCases.LoginTest@1283bb96</td></tr>
<tr>
<td title='com.TutorialsNinja.qa.TestCases.RegisterTest.verifyRegisteringAnAccountWithExistingEmailAddress()'><b>verifyRegisteringAnAccountWithExistingEmailAddress</b><br>Test class: com.TutorialsNinja.qa.TestCases.RegisterTest</td>
<td></td>
<td>0</td>
<td>com.TutorialsNinja.qa.TestCases.RegisterTest@dd8ba08</td></tr>
<tr>
<td title='com.TutorialsNinja.qa.TestCases.LoginTest.verifyLoginWithValidCredentials()'><b>verifyLoginWithValidCredentials</b><br>Test class: com.TutorialsNinja.qa.TestCases.LoginTest<br>Parameters: vinayakdhole1676@gmail.com, Vinayak52@</td>
<td></td>
<td>1</td>
<td>com.TutorialsNinja.qa.TestCases.LoginTest@1283bb96</td></tr>
<tr>
<td title='com.TutorialsNinja.qa.TestCases.SearchTest.verifySearchWithValidProduct()'><b>verifySearchWithValidProduct</b><br>Test class: com.TutorialsNinja.qa.TestCases.SearchTest</td>
<td></td>
<td>3</td>
<td>com.TutorialsNinja.qa.TestCases.SearchTest@3c19aaa5</td></tr>
<tr>
<td title='com.TutorialsNinja.qa.TestCases.LoginTest.verifyLoginWithInValidCredentials()'><b>verifyLoginWithInValidCredentials</b><br>Test class: com.TutorialsNinja.qa.TestCases.LoginTest</td>
<td></td>
<td>0</td>
<td>com.TutorialsNinja.qa.TestCases.LoginTest@1283bb96</td></tr>
<tr>
<td title='com.TutorialsNinja.qa.TestCases.LoginTest.verifyLoginWithInValidEmailAndValidPassword()'><b>verifyLoginWithInValidEmailAndValidPassword</b><br>Test class: com.TutorialsNinja.qa.TestCases.LoginTest</td>
<td></td>
<td>1</td>
<td>com.TutorialsNinja.qa.TestCases.LoginTest@1283bb96</td></tr>
<tr>
<td title='com.TutorialsNinja.qa.TestCases.LoginTest.verifyLoginWithValidCredentials()'><b>verifyLoginWithValidCredentials</b><br>Test class: com.TutorialsNinja.qa.TestCases.LoginTest<br>Parameters: vinayakdhole1674@gmail.com, Vinayak@52</td>
<td></td>
<td>1</td>
<td>com.TutorialsNinja.qa.TestCases.LoginTest@1283bb96</td></tr>
</table><p>
<table width='100%' border='1' class='invocation-skipped'>
<tr><td colspan='4' align='center'><b>SKIPPED TESTS</b></td></tr>
<tr><td><b>Test method</b></td>
<td><b>Attribute(s)</b></td>
<td width="30%"><b>Exception</b></td>
<td width="10%"><b>Time (seconds)</b></td>
<td><b>Instance</b></td>
</tr>
<tr>
<td title='com.TutorialsNinja.qa.TestCases.SearchTest.verifySearchWithoutAnyProduct()'><b>verifySearchWithoutAnyProduct</b><br>Test class: com.TutorialsNinja.qa.TestCases.SearchTest</td>
<td><div><pre>java.lang.Throwable: Method com.TutorialsNinja.qa.TestCases.SearchTest.verifySearchWithoutAnyProduct() on instance com.TutorialsNinja.qa.TestCases.SearchTest@3c19aaa5 depends on not successfully finished methods 
[com.TutorialsNinja.qa.TestCases.SearchTest.verifySearchWithInvalidProduct() on instance com.TutorialsNinja.qa.TestCases.SearchTest@3c19aaa5]
	at java.base/java.util.ArrayList.forEach(ArrayList.java:1596)
... Removed 22 stack frames</pre></div><a href='#' onClick='toggleBox("stack-trace2020602090", this, "Click to show all stack frames", "Click to hide stack frames")'>Click to show all stack frames</a>
<div class='stack-trace' id='stack-trace2020602090'><pre>java.lang.Throwable: Method com.TutorialsNinja.qa.TestCases.SearchTest.verifySearchWithoutAnyProduct() on instance com.TutorialsNinja.qa.TestCases.SearchTest@3c19aaa5 depends on not successfully finished methods 
[com.TutorialsNinja.qa.TestCases.SearchTest.verifySearchWithInvalidProduct() on instance com.TutorialsNinja.qa.TestCases.SearchTest@3c19aaa5]
	at org.testng.internal.invokers.TestInvoker.invokeTestMethods(TestInvoker.java:156)
	at org.testng.internal.invokers.TestMethodWorker.invokeTestMethods(TestMethodWorker.java:148)
	at org.testng.internal.invokers.TestMethodWorker.run(TestMethodWorker.java:128)
	at java.base/java.util.ArrayList.forEach(ArrayList.java:1596)
	at org.testng.TestRunner.privateRun(TestRunner.java:848)
	at org.testng.TestRunner.run(TestRunner.java:621)
	at org.testng.SuiteRunner.runTest(SuiteRunner.java:443)
	at org.testng.SuiteRunner.runSequentially(SuiteRunner.java:437)
	at org.testng.SuiteRunner.privateRun(SuiteRunner.java:397)
	at org.testng.SuiteRunner.run(SuiteRunner.java:336)
	at org.testng.SuiteRunnerWorker.runSuite(SuiteRunnerWorker.java:52)
	at org.testng.SuiteRunnerWorker.run(SuiteRunnerWorker.java:95)
	at org.testng.TestNG.runSuitesSequentially(TestNG.java:1280)
	at org.testng.TestNG.runSuitesLocally(TestNG.java:1200)
	at org.testng.TestNG.runSuites(TestNG.java:1114)
	at org.testng.TestNG.run(TestNG.java:1082)
	at org.apache.maven.surefire.testng.TestNGExecutor.run(TestNGExecutor.java:308)
	at org.apache.maven.surefire.testng.TestNGXmlTestSuite.execute(TestNGXmlTestSuite.java:71)
	at org.apache.maven.surefire.testng.TestNGProvider.invoke(TestNGProvider.java:113)
	at org.apache.maven.surefire.booter.ForkedBooter.runSuitesInProcess(ForkedBooter.java:385)
	at org.apache.maven.surefire.booter.ForkedBooter.execute(ForkedBooter.java:162)
	at org.apache.maven.surefire.booter.ForkedBooter.run(ForkedBooter.java:507)
	at org.apache.maven.surefire.booter.ForkedBooter.main(ForkedBooter.java:495)
</pre></div></td>
<td>0</td>
<td>com.TutorialsNinja.qa.TestCases.SearchTest@3c19aaa5</td></tr>
</table><p>
</body>
</html>